<?xml version="1.0" encoding="UTF-8"?>
<!-- Generated by org.testng.reporters.JUnitXMLReporter -->
<testsuite ignored="23" hostname="dioboye" failures="0" tests="47" name="Default test" time="9.878" errors="0" timestamp="2024-02-13T20:07:56 IST">
  <testcase classname="com.WebTable.BaseTes" name="@BeforeTest setUp" time="9.551">
    <failure type="org.openqa.selenium.NoSuchWindowException" message="no such window: target window already closed
from unknown error: web view not found
  (Session info: chrome=121.0.6167.161)
Build info: version: &amp;apos;3.141.59&amp;apos;, revision: &amp;apos;e82be7d358&amp;apos;, time: &amp;apos;2018-11-14T08:25:53&amp;apos;
System info: host: &amp;apos;DIOBOYE&amp;apos;, ip: &amp;apos;192.168.0.141&amp;apos;, os.name: &amp;apos;Windows 11&amp;apos;, os.arch: &amp;apos;amd64&amp;apos;, os.version: &amp;apos;10.0&amp;apos;, java.version: &amp;apos;11.0.15&amp;apos;
Driver info: org.openqa.selenium.chrome.ChromeDriver
Capabilities {acceptInsecureCerts: false, browserName: chrome, browserVersion: 121.0.6167.161, chrome: {chromedriverVersion: 120.0.6099.109 (3419140ab66..., userDataDir: C:\Users\diobo\AppData\Loca...}, fedcm:accounts: true, goog:chromeOptions: {debuggerAddress: localhost:61116}, javascriptEnabled: true, networkConnectionEnabled: false, pageLoadStrategy: normal, platform: WINDOWS, platformName: WINDOWS, proxy: Proxy(), setWindowRect: true, strictFileInteractability: false, timeouts: {implicit: 0, pageLoad: 300000, script: 30000}, unhandledPromptBehavior: dismiss and notify, webauthn:extension:credBlob: true, webauthn:extension:largeBlob: true, webauthn:extension:minPinLength: true, webauthn:extension:prf: true, webauthn:virtualAuthenticators: true}
Session ID: 5288d9c5dd6dc43cade929257d1403be">
      <![CDATA[org.openqa.selenium.NoSuchWindowException: no such window: target window already closed
from unknown error: web view not found
  (Session info: chrome=121.0.6167.161)
Build info: version: '3.141.59', revision: 'e82be7d358', time: '2018-11-14T08:25:53'
System info: host: 'DIOBOYE', ip: '192.168.0.141', os.name: 'Windows 11', os.arch: 'amd64', os.version: '10.0', java.version: '11.0.15'
Driver info: org.openqa.selenium.chrome.ChromeDriver
Capabilities {acceptInsecureCerts: false, browserName: chrome, browserVersion: 121.0.6167.161, chrome: {chromedriverVersion: 120.0.6099.109 (3419140ab66..., userDataDir: C:\Users\diobo\AppData\Loca...}, fedcm:accounts: true, goog:chromeOptions: {debuggerAddress: localhost:61116}, javascriptEnabled: true, networkConnectionEnabled: false, pageLoadStrategy: normal, platform: WINDOWS, platformName: WINDOWS, proxy: Proxy(), setWindowRect: true, strictFileInteractability: false, timeouts: {implicit: 0, pageLoad: 300000, script: 30000}, unhandledPromptBehavior: dismiss and notify, webauthn:extension:credBlob: true, webauthn:extension:largeBlob: true, webauthn:extension:minPinLength: true, webauthn:extension:prf: true, webauthn:virtualAuthenticators: true}
Session ID: 5288d9c5dd6dc43cade929257d1403be
at java.base/jdk.internal.reflect.NativeConstructorAccessorImpl.newInstance0(Native Method)
at java.base/jdk.internal.reflect.NativeConstructorAccessorImpl.newInstance(NativeConstructorAccessorImpl.java:62)
at java.base/jdk.internal.reflect.DelegatingConstructorAccessorImpl.newInstance(DelegatingConstructorAccessorImpl.java:45)
at java.base/java.lang.reflect.Constructor.newInstance(Constructor.java:490)
at org.openqa.selenium.remote.http.W3CHttpResponseCodec.createException(W3CHttpResponseCodec.java:187)
at org.openqa.selenium.remote.http.W3CHttpResponseCodec.decode(W3CHttpResponseCodec.java:122)
at org.openqa.selenium.remote.http.W3CHttpResponseCodec.decode(W3CHttpResponseCodec.java:49)
at org.openqa.selenium.remote.HttpCommandExecutor.execute(HttpCommandExecutor.java:158)
at org.openqa.selenium.remote.service.DriverCommandExecutor.execute(DriverCommandExecutor.java:83)
at org.openqa.selenium.remote.RemoteWebDriver.execute(RemoteWebDriver.java:552)
at org.openqa.selenium.remote.RemoteWebDriver.execute(RemoteWebDriver.java:609)
at org.openqa.selenium.remote.RemoteWebDriver$RemoteWebDriverOptions$RemoteWindow.maximize(RemoteWebDriver.java:837)
at com.WebTable.BaseTes.setUp(BaseTes.java:23)
at java.base/jdk.internal.reflect.NativeMethodAccessorImpl.invoke0(Native Method)
at java.base/jdk.internal.reflect.NativeMethodAccessorImpl.invoke(NativeMethodAccessorImpl.java:62)
at java.base/jdk.internal.reflect.DelegatingMethodAccessorImpl.invoke(DelegatingMethodAccessorImpl.java:43)
at java.base/java.lang.reflect.Method.invoke(Method.java:566)
at org.testng.internal.MethodInvocationHelper.invokeMethod(MethodInvocationHelper.java:133)
at org.testng.internal.MethodInvocationHelper.invokeMethodConsideringTimeout(MethodInvocationHelper.java:62)
at org.testng.internal.ConfigInvoker.invokeConfigurationMethod(ConfigInvoker.java:385)
at org.testng.internal.ConfigInvoker.invokeConfigurations(ConfigInvoker.java:321)
at org.testng.TestRunner.invokeTestConfigurations(TestRunner.java:637)
at org.testng.TestRunner.beforeRun(TestRunner.java:627)
at org.testng.TestRunner.run(TestRunner.java:589)
at org.testng.SuiteRunner.runTest(SuiteRunner.java:377)
at org.testng.SuiteRunner.runSequentially(SuiteRunner.java:371)
at org.testng.SuiteRunner.privateRun(SuiteRunner.java:332)
at org.testng.SuiteRunner.run(SuiteRunner.java:276)
at org.testng.SuiteRunnerWorker.runSuite(SuiteRunnerWorker.java:53)
at org.testng.SuiteRunnerWorker.run(SuiteRunnerWorker.java:96)
at org.testng.TestNG.runSuitesSequentially(TestNG.java:1212)
at org.testng.TestNG.runSuitesLocally(TestNG.java:1134)
at org.testng.TestNG.runSuites(TestNG.java:1063)
at org.testng.TestNG.run(TestNG.java:1031)
at org.testng.remote.AbstractRemoteTestNG.run(AbstractRemoteTestNG.java:115)
at org.testng.remote.RemoteTestNG.initAndRun(RemoteTestNG.java:251)
at org.testng.remote.RemoteTestNG.main(RemoteTestNG.java:77)
]]>
    </failure>
  </testcase> <!-- @BeforeTest setUp -->
  <testcase classname="com.OrangeHRMApplication_TestNG.BaseTest" name="@BeforeTest applicationLaunch" time="-1.707835076579E9">
    <skipped/>
  </testcase> <!-- @BeforeTest applicationLaunch -->
  <testcase classname="com.config.BaseTest" name="@BeforeTest applicationLaunch" time="-1.707835076581E9">
    <skipped/>
  </testcase> <!-- @BeforeTest applicationLaunch -->
  <testcase classname="com.OrangeHRMApplication_AutoIT.BaseTest" name="@BeforeTest setup" time="-1.707835076583E9">
    <skipped/>
  </testcase> <!-- @BeforeTest setup -->
  <testcase classname="com.Baseclass" name="@BeforeTest applicationLaunch" time="-1.707835076585E9">
    <skipped/>
  </testcase> <!-- @BeforeTest applicationLaunch -->
  <testcase classname="com.Alert.Tsrtc_HandlingAlert" name="@BeforeTest setUp" time="-1.707835076588E9">
    <skipped/>
  </testcase> <!-- @BeforeTest setUp -->
  <testcase classname="com.TestNG.Annotations3" name="@BeforeMethod applicationLaunch" time="-1.707835076703E9">
    <skipped/>
  </testcase> <!-- @BeforeMethod applicationLaunch -->
  <testcase classname="com.TestNG.Annotations3" name="@AfterMethod applicationClose" time="-1.707835076715E9">
    <skipped/>
  </testcase> <!-- @AfterMethod applicationClose -->
  <testcase classname="com.TestNG.Annotations3" name="@BeforeMethod applicationLaunch" time="-1.707835076717E9">
    <skipped/>
  </testcase> <!-- @BeforeMethod applicationLaunch -->
  <testcase classname="com.TestNG.Annotations3" name="@AfterMethod applicationClose" time="-1.70783507672E9">
    <skipped/>
  </testcase> <!-- @AfterMethod applicationClose -->
  <testcase classname="com.TestNG.Annotations3" name="@BeforeMethod applicationLaunch" time="-1.707835076722E9">
    <skipped/>
  </testcase> <!-- @BeforeMethod applicationLaunch -->
  <testcase classname="com.TestNG.Annotations3" name="@AfterMethod applicationClose" time="-1.707835076726E9">
    <skipped/>
  </testcase> <!-- @AfterMethod applicationClose -->
  <testcase classname="com.TestNG.Annotations2" name="@AfterTest applicationClose" time="-1.707835076868E9">
    <skipped/>
  </testcase> <!-- @AfterTest applicationClose -->
  <testcase classname="com.WebTable.BaseTes" name="@AfterTest tearDown" time="-1.70783507687E9">
    <skipped/>
  </testcase> <!-- @AfterTest tearDown -->
  <testcase classname="com.OrangeHRMApplication_TestNG.BaseTest" name="@AfterTest applicationClose" time="-1.707835076872E9">
    <skipped/>
  </testcase> <!-- @AfterTest applicationClose -->
  <testcase classname="com.config.BaseTest" name="@AfterTest applicationClose" time="-1.707835076874E9">
    <skipped/>
  </testcase> <!-- @AfterTest applicationClose -->
  <testcase classname="com.OrangeHRMApplication_AutoIT.BaseTest" name="@AfterTest close" time="-1.707835076875E9">
    <skipped/>
  </testcase> <!-- @AfterTest close -->
  <testcase classname="com.Baseclass" name="@AfterTest applicationClose" time="-1.707835076877E9">
    <skipped/>
  </testcase> <!-- @AfterTest applicationClose -->
  <testcase classname="com.WebTable.WebTable_FirstRow_FirstRowOfCell_GetCityName" name="webTable_getCityName" time="0.0">
    <skipped/>
  </testcase> <!-- webTable_getCityName -->
  <testcase classname="com.OrangeHRMApplication_TestNG.LogInTest" name="logInPageTest" time="0.0">
    <skipped/>
  </testcase> <!-- logInPageTest -->
  <testcase classname="com.OrangeHRMApplication_TestNG.LogInTest" name="logInTest" time="0.0">
    <skipped/>
  </testcase> <!-- logInTest -->
  <testcase classname="com.OrangeHRMApplication_TestNG.LogInTest" name="homePageTest" time="0.0">
    <skipped/>
  </testcase> <!-- homePageTest -->
  <testcase classname="com.OrangeHRMApplication_TestNG.LogInTest" name="logOutTest" time="0.0">
    <skipped/>
  </testcase> <!-- logOutTest -->
  <testcase classname="com.TestNG.Annotations2" name="inBoxTest" time="0.0">
    <skipped/>
  </testcase> <!-- inBoxTest -->
  <testcase classname="com.TestNG.Annotations2" name="ComposeMailTest" time="0.0">
    <skipped/>
  </testcase> <!-- ComposeMailTest -->
  <testcase classname="com.TestNG.Annotations2" name="sentMail" time="0.0">
    <skipped/>
  </testcase> <!-- sentMail -->
  <testcase classname="com.TestNG.Annotations3" name="inBoxTest" time="0.0">
    <skipped/>
  </testcase> <!-- inBoxTest -->
  <testcase classname="com.TestNG.Annotations3" name="ComposeMailTest" time="0.0">
    <skipped/>
  </testcase> <!-- ComposeMailTest -->
  <testcase classname="com.TestNG.Annotations3" name="sentMail" time="0.0">
    <skipped/>
  </testcase> <!-- sentMail -->
  <testcase classname="com.OrangeHRMApplication_TestNG.MultipulData_Login" name="login" time="0.0">
    <skipped/>
  </testcase> <!-- login -->
  <testcase classname="com.OrangeHRMApplication_AutoIT.AddEmployeeTest_AutoIT" name="logInPageTest" time="0.0">
    <skipped/>
  </testcase> <!-- logInPageTest -->
  <testcase classname="com.OrangeHRMApplication_AutoIT.AddEmployeeTest_AutoIT" name="logInTest" time="0.0">
    <skipped/>
  </testcase> <!-- logInTest -->
  <testcase classname="com.OrangeHRMApplication_AutoIT.AddEmployeeTest_AutoIT" name="homePageTest" time="0.0">
    <skipped/>
  </testcase> <!-- homePageTest -->
  <testcase classname="com.OrangeHRMApplication_AutoIT.AddEmployeeTest_AutoIT" name="pimTest" time="0.0">
    <skipped/>
  </testcase> <!-- pimTest -->
  <testcase classname="com.OrangeHRMApplication_AutoIT.AddEmployeeTest_AutoIT" name="pimAddEmployeeTest" time="0.0">
    <skipped/>
  </testcase> <!-- pimAddEmployeeTest -->
  <testcase classname="com.OrangeHRMApplication_AutoIT.AddEmployeeTest_AutoIT" name="AddEmployeeWebPageTest" time="0.0">
    <skipped/>
  </testcase> <!-- AddEmployeeWebPageTest -->
  <testcase classname="com.OrangeHRMApplication_AutoIT.AddEmployeeTest_AutoIT" name="AddEmployeeTest" time="0.0">
    <skipped/>
  </testcase> <!-- AddEmployeeTest -->
  <testcase classname="com.OrangeHRMApplication_AutoIT.AddEmployeeTest_AutoIT" name="personalDetailsWebPageTest" time="0.0">
    <skipped/>
  </testcase> <!-- personalDetailsWebPageTest -->
  <testcase classname="com.OrangeHRMApplication_AutoIT.AddEmployeeTest_AutoIT" name="personalDetailsTest" time="0.0">
    <skipped/>
  </testcase> <!-- personalDetailsTest -->
  <testcase classname="com.WebTable.CapturingCompleteWebTableData" name="getting_CompleteWebTableData" time="0.0">
    <skipped/>
  </testcase> <!-- getting_CompleteWebTableData -->
  <testcase classname="com.config.OrangeHRM_Properties" name="logInPageTest" time="0.0">
    <skipped/>
  </testcase> <!-- logInPageTest -->
  <testcase classname="com.config.OrangeHRM_Properties" name="logInTest" time="0.0">
    <skipped/>
  </testcase> <!-- logInTest -->
  <testcase classname="com.config.OrangeHRM_Properties" name="homePageTest" time="0.0">
    <skipped/>
  </testcase> <!-- homePageTest -->
  <testcase classname="com.config.OrangeHRM_Properties" name="logOutTest" time="0.0">
    <skipped/>
  </testcase> <!-- logOutTest -->
  <testcase classname="com.WebTable.WebTable_FirstColoumnData_ExportToExcel" name="excel_ExportFirstColumnData" time="0.0">
    <skipped/>
  </testcase> <!-- excel_ExportFirstColumnData -->
  <testcase classname="com.TestNG.Annotations" name="applicationLaunch" time="0.0">
    <skipped/>
  </testcase> <!-- applicationLaunch -->
  <testcase classname="com.TestNG.Annotations" name="inBoxTest" time="0.0">
    <skipped/>
  </testcase> <!-- inBoxTest -->
  <testcase classname="com.TestNG.Annotations" name="ComposeMailTest" time="0.0">
    <skipped/>
  </testcase> <!-- ComposeMailTest -->
  <testcase classname="com.TestNG.Annotations" name="sentMail" time="0.0">
    <skipped/>
  </testcase> <!-- sentMail -->
  <testcase classname="com.TestNG.Annotations" name="applicationClose" time="0.0">
    <skipped/>
  </testcase> <!-- applicationClose -->
  <testcase classname="com.WebTable.DynamicWebTable" name="getData_DynamicWebTable" time="0.0">
    <skipped/>
  </testcase> <!-- getData_DynamicWebTable -->
  <testcase classname="com.WebTable.FirstColumn_GetCItyNames" name="firstColun_CityNames" time="0.0">
    <skipped/>
  </testcase> <!-- firstColun_CityNames -->
  <testcase classname="com.Alert.Tsrtc_HandlingAlert" name="hadlingAlert" time="0.0">
    <skipped/>
  </testcase> <!-- hadlingAlert -->
  <testcase classname="com.OrangeHRMApplication_AutoIT_excel" name="logInPageTest" time="0.0">
    <skipped/>
  </testcase> <!-- logInPageTest -->
  <testcase classname="com.OrangeHRMApplication_AutoIT_excel" name="logInTest" time="0.0">
    <skipped/>
  </testcase> <!-- logInTest -->
  <testcase classname="com.OrangeHRMApplication_AutoIT_excel" name="homePageTest" time="0.0">
    <skipped/>
  </testcase> <!-- homePageTest -->
  <testcase classname="com.OrangeHRMApplication_AutoIT_excel" name="pimTest" time="0.0">
    <skipped/>
  </testcase> <!-- pimTest -->
  <testcase classname="com.OrangeHRMApplication_AutoIT_excel" name="pimAddEmployeeTest" time="0.0">
    <skipped/>
  </testcase> <!-- pimAddEmployeeTest -->
  <testcase classname="com.OrangeHRMApplication_AutoIT_excel" name="AddEmployeeWebPageTest" time="0.0">
    <skipped/>
  </testcase> <!-- AddEmployeeWebPageTest -->
  <testcase classname="com.OrangeHRMApplication_AutoIT_excel" name="AddEmployeeTest" time="0.0">
    <skipped/>
  </testcase> <!-- AddEmployeeTest -->
  <testcase classname="com.OrangeHRMApplication_AutoIT_excel" name="AddEmployee_TestFileds" time="0.0">
    <skipped/>
  </testcase> <!-- AddEmployee_TestFileds -->
  <testcase classname="com.OrangeHRMApplication_AutoIT_excel" name="personalDetailsWebPageTest" time="0.0">
    <skipped/>
  </testcase> <!-- personalDetailsWebPageTest -->
  <testcase classname="com.OrangeHRMApplication_AutoIT_excel" name="personalDetailsTest" time="0.0">
    <skipped/>
  </testcase> <!-- personalDetailsTest -->
  <testcase classname="com.OrangeHRMApplication_AutoIT_excel" name="Homepage_WelcomeAdmin" time="0.0">
    <skipped/>
  </testcase> <!-- Homepage_WelcomeAdmin -->
  <testcase classname="com.OrangeHRMApplication_AutoIT_excel" name="logInPage" time="0.0">
    <skipped/>
  </testcase> <!-- logInPage -->
  <testcase classname="com.Baseclass" name="@BeforeTest applicationLaunch" time="0.0">
    <ignored/>
  </testcase> <!-- @BeforeTest applicationLaunch -->
  <testcase classname="com.OrangeHRMApplication_TestNG.BaseTest" name="@AfterTest applicationClose" time="0.0">
    <ignored/>
  </testcase> <!-- @AfterTest applicationClose -->
  <testcase classname="com.OrangeHRMApplication_TestNG.BaseTest" name="@AfterTest applicationClose" time="0.0">
    <ignored/>
  </testcase> <!-- @AfterTest applicationClose -->
  <testcase classname="com.WebTable.BaseTes" name="@BeforeTest setUp" time="0.0">
    <ignored/>
  </testcase> <!-- @BeforeTest setUp -->
  <testcase classname="com.WebTable.BaseTes" name="@BeforeTest setUp" time="0.0">
    <ignored/>
  </testcase> <!-- @BeforeTest setUp -->
  <testcase classname="com.WebTable.BaseTes" name="@BeforeTest setUp" time="0.0">
    <ignored/>
  </testcase> <!-- @BeforeTest setUp -->
  <testcase classname="com.WebTable.BaseTes" name="@BeforeTest setUp" time="0.0">
    <ignored/>
  </testcase> <!-- @BeforeTest setUp -->
  <testcase classname="com.WebTable.BaseTes" name="@BeforeTest setUp" time="0.0">
    <ignored/>
  </testcase> <!-- @BeforeTest setUp -->
  <testcase classname="com.OrangeHRMApplication_TestNG.BaseTest" name="@BeforeTest applicationLaunch" time="0.0">
    <ignored/>
  </testcase> <!-- @BeforeTest applicationLaunch -->
  <testcase classname="com.OrangeHRMApplication_TestNG.BaseTest" name="@BeforeTest applicationLaunch" time="0.0">
    <ignored/>
  </testcase> <!-- @BeforeTest applicationLaunch -->
  <testcase classname="com.TestNG.Annotations2" name="draftsTest" time="0.0">
    <ignored/>
  </testcase> <!-- draftsTest -->
  <testcase classname="com.Baseclass" name="@AfterTest applicationClose" time="0.0">
    <ignored/>
  </testcase> <!-- @AfterTest applicationClose -->
  <testcase classname="com.WebTable.BaseTes" name="@AfterTest tearDown" time="0.0">
    <ignored/>
  </testcase> <!-- @AfterTest tearDown -->
  <testcase classname="com.WebTable.BaseTes" name="@AfterTest tearDown" time="0.0">
    <ignored/>
  </testcase> <!-- @AfterTest tearDown -->
  <testcase classname="com.OrangeHRMApplication_AutoIT.BaseTest" name="@AfterTest close" time="0.0">
    <ignored/>
  </testcase> <!-- @AfterTest close -->
  <testcase classname="com.WebTable.BaseTes" name="@AfterTest tearDown" time="0.0">
    <ignored/>
  </testcase> <!-- @AfterTest tearDown -->
  <testcase classname="com.WebTable.BaseTes" name="@AfterTest tearDown" time="0.0">
    <ignored/>
  </testcase> <!-- @AfterTest tearDown -->
  <testcase classname="com.WebTable.BaseTes" name="@AfterTest tearDown" time="0.0">
    <ignored/>
  </testcase> <!-- @AfterTest tearDown -->
  <testcase classname="com.config.BaseTest" name="@BeforeTest applicationLaunch" time="0.0">
    <ignored/>
  </testcase> <!-- @BeforeTest applicationLaunch -->
  <testcase classname="com.TestNG.Annotations3" name="draftsTest" time="0.0">
    <ignored/>
  </testcase> <!-- draftsTest -->
  <testcase classname="com.OrangeHRMApplication_AutoIT.BaseTest" name="@BeforeTest setup" time="0.0">
    <ignored/>
  </testcase> <!-- @BeforeTest setup -->
  <testcase classname="com.TestNG.Annotations" name="draftsTest" time="0.0">
    <ignored/>
  </testcase> <!-- draftsTest -->
  <testcase classname="com.config.BaseTest" name="@AfterTest applicationClose" time="0.0">
    <ignored/>
  </testcase> <!-- @AfterTest applicationClose -->
</testsuite> <!-- Default test -->
